<?xml version="1.0" encoding="UTF-8"?>
<testsuite name="games.game2048.TestMoveValuesInRowOrColumn" tests="5" skipped="0" failures="0" errors="0" timestamp="2023-03-05T12:31:36" hostname="Mais-MacBook-Pro.local" time="0.01">
  <properties/>
  <testcase name="testRow" classname="games.game2048.TestMoveValuesInRowOrColumn" time="0.005"/>
  <testcase name="testRowReversed" classname="games.game2048.TestMoveValuesInRowOrColumn" time="0.001"/>
  <testcase name="testColumn" classname="games.game2048.TestMoveValuesInRowOrColumn" time="0.001"/>
  <testcase name="testNoMove" classname="games.game2048.TestMoveValuesInRowOrColumn" time="0.0"/>
  <testcase name="testColumnReversed" classname="games.game2048.TestMoveValuesInRowOrColumn" time="0.002"/>
  <system-out><![CDATA[  Previous values: [null, 2, null, 4]
  Moved values: [2, 4]
  Previous values: [4, null, 2, null]
  Moved values: [4, 2]
  Previous values: [null, 2, null, 4]
  Moved values: [2, 4]
  Previous values: [2, 4, 2, 4]
  Moved values: [2, 4, 2, 4]
  Previous values: [4, null, 2, null]
  Moved values: [4, 2]
]]></system-out>
  <system-err><![CDATA[]]></system-err>
</testsuite>
