<?xml version="1.0" encoding="UTF-8"?>
<testsuite name="games.game2048.TestMoveValues" tests="6" skipped="0" failures="0" errors="0" timestamp="2023-03-05T12:31:36" hostname="Mais-MacBook-Pro.local" time="0.039">
  <properties/>
  <testcase name="testSimpleMove" classname="games.game2048.TestMoveValues" time="0.01"/>
  <testcase name="testSeveralMoves" classname="games.game2048.TestMoveValues" time="0.006"/>
  <testcase name="testMerge" classname="games.game2048.TestMoveValues" time="0.009"/>
  <testcase name="testMovesInSomeRows" classname="games.game2048.TestMoveValues" time="0.006"/>
  <testcase name="testMoveAndMerge" classname="games.game2048.TestMoveValues" time="0.003"/>
  <testcase name="testNoMove" classname="games.game2048.TestMoveValues" time="0.004"/>
  <system-out><![CDATA[Direction: RIGHT Iteration: 1
Cells: [(1, 4), (1, 3), (1, 2), (1, 1)]
  Previous values: [null, null, null, null]
  Moved values: []
Direction: RIGHT Iteration: 2
Cells: [(2, 4), (2, 3), (2, 2), (2, 1)]
  Previous values: [null, null, null, null]
  Moved values: []
Direction: RIGHT Iteration: 3
Cells: [(3, 4), (3, 3), (3, 2), (3, 1)]
  Previous values: [null, null, 2, null]
  Moved values: [2]
Direction: RIGHT Iteration: 4
Cells: [(4, 4), (4, 3), (4, 2), (4, 1)]
  Previous values: [null, null, null, null]
  Moved values: []
Results: [false, false, true, false]
Direction: LEFT Iteration: 1
Cells: [(1, 1), (1, 2), (1, 3), (1, 4)]
  Previous values: [null, null, null, null]
  Moved values: []
Direction: LEFT Iteration: 2
Cells: [(2, 1), (2, 2), (2, 3), (2, 4)]
  Previous values: [null, null, 2, null]
  Moved values: [2]
Direction: LEFT Iteration: 3
Cells: [(3, 1), (3, 2), (3, 3), (3, 4)]
  Previous values: [null, null, null, null]
  Moved values: []
Direction: LEFT Iteration: 4
Cells: [(4, 1), (4, 2), (4, 3), (4, 4)]
  Previous values: [null, null, null, null]
  Moved values: []
Results: [false, true, false, false]
Direction: DOWN Iteration: 1
Cells: [(4, 1), (3, 1), (2, 1), (1, 1)]
  Previous values: [null, null, null, null]
  Moved values: []
Direction: DOWN Iteration: 2
Cells: [(4, 2), (3, 2), (2, 2), (1, 2)]
  Previous values: [null, null, null, null]
  Moved values: []
Direction: DOWN Iteration: 3
Cells: [(4, 3), (3, 3), (2, 3), (1, 3)]
  Previous values: [null, null, 2, null]
  Moved values: [2]
Direction: DOWN Iteration: 4
Cells: [(4, 4), (3, 4), (2, 4), (1, 4)]
  Previous values: [null, null, null, null]
  Moved values: []
Results: [false, false, true, false]
Direction: UP Iteration: 1
Cells: [(1, 1), (2, 1), (3, 1), (4, 1)]
  Previous values: [null, null, null, null]
  Moved values: []
Direction: UP Iteration: 2
Cells: [(1, 2), (2, 2), (3, 2), (4, 2)]
  Previous values: [null, null, 2, null]
  Moved values: [2]
Direction: UP Iteration: 3
Cells: [(1, 3), (2, 3), (3, 3), (4, 3)]
  Previous values: [null, null, null, null]
  Moved values: []
Direction: UP Iteration: 4
Cells: [(1, 4), (2, 4), (3, 4), (4, 4)]
  Previous values: [null, null, null, null]
  Moved values: []
Results: [false, true, false, false]
Direction: RIGHT Iteration: 1
Cells: [(1, 4), (1, 3), (1, 2), (1, 1)]
  Previous values: [null, null, null, 2]
  Moved values: [2]
Direction: RIGHT Iteration: 2
Cells: [(2, 4), (2, 3), (2, 2), (2, 1)]
  Previous values: [null, null, 2, null]
  Moved values: [2]
Direction: RIGHT Iteration: 3
Cells: [(3, 4), (3, 3), (3, 2), (3, 1)]
  Previous values: [null, 2, null, null]
  Moved values: [2]
Direction: RIGHT Iteration: 4
Cells: [(4, 4), (4, 3), (4, 2), (4, 1)]
  Previous values: [2, null, null, null]
  Moved values: [2]
Results: [true, true, true, true]
Direction: LEFT Iteration: 1
Cells: [(1, 1), (1, 2), (1, 3), (1, 4)]
  Previous values: [2, null, null, null]
  Moved values: [2]
Direction: LEFT Iteration: 2
Cells: [(2, 1), (2, 2), (2, 3), (2, 4)]
  Previous values: [null, 2, null, null]
  Moved values: [2]
Direction: LEFT Iteration: 3
Cells: [(3, 1), (3, 2), (3, 3), (3, 4)]
  Previous values: [null, null, 2, null]
  Moved values: [2]
Direction: LEFT Iteration: 4
Cells: [(4, 1), (4, 2), (4, 3), (4, 4)]
  Previous values: [null, null, null, 2]
  Moved values: [2]
Results: [true, true, true, true]
Direction: DOWN Iteration: 1
Cells: [(4, 1), (3, 1), (2, 1), (1, 1)]
  Previous values: [null, null, null, 2]
  Moved values: [2]
Direction: DOWN Iteration: 2
Cells: [(4, 2), (3, 2), (2, 2), (1, 2)]
  Previous values: [null, null, 2, null]
  Moved values: [2]
Direction: DOWN Iteration: 3
Cells: [(4, 3), (3, 3), (2, 3), (1, 3)]
  Previous values: [null, 2, null, null]
  Moved values: [2]
Direction: DOWN Iteration: 4
Cells: [(4, 4), (3, 4), (2, 4), (1, 4)]
  Previous values: [2, null, null, null]
  Moved values: [2]
Results: [true, true, true, true]
Direction: UP Iteration: 1
Cells: [(1, 1), (2, 1), (3, 1), (4, 1)]
  Previous values: [2, null, null, null]
  Moved values: [2]
Direction: UP Iteration: 2
Cells: [(1, 2), (2, 2), (3, 2), (4, 2)]
  Previous values: [null, 2, null, null]
  Moved values: [2]
Direction: UP Iteration: 3
Cells: [(1, 3), (2, 3), (3, 3), (4, 3)]
  Previous values: [null, null, 2, null]
  Moved values: [2]
Direction: UP Iteration: 4
Cells: [(1, 4), (2, 4), (3, 4), (4, 4)]
  Previous values: [null, null, null, 2]
  Moved values: [2]
Results: [true, true, true, true]
Direction: RIGHT Iteration: 1
Cells: [(1, 4), (1, 3), (1, 2), (1, 1)]
  Previous values: [2, 2, null, 2]
  Moved values: [4, 2]
Direction: RIGHT Iteration: 2
Cells: [(2, 4), (2, 3), (2, 2), (2, 1)]
  Previous values: [2, 4, null, 2]
  Moved values: [2, 4, 2]
Direction: RIGHT Iteration: 3
Cells: [(3, 4), (3, 3), (3, 2), (3, 1)]
  Previous values: [2, null, 2, 2]
  Moved values: [4, 2]
Direction: RIGHT Iteration: 4
Cells: [(4, 4), (4, 3), (4, 2), (4, 1)]
  Previous values: [null, null, null, null]
  Moved values: []
Results: [true, true, true, false]
Direction: LEFT Iteration: 1
Cells: [(1, 1), (1, 2), (1, 3), (1, 4)]
  Previous values: [null, null, null, null]
  Moved values: []
Direction: LEFT Iteration: 2
Cells: [(2, 1), (2, 2), (2, 3), (2, 4)]
  Previous values: [2, null, 2, 2]
  Moved values: [4, 2]
Direction: LEFT Iteration: 3
Cells: [(3, 1), (3, 2), (3, 3), (3, 4)]
  Previous values: [2, 4, null, 2]
  Moved values: [2, 4, 2]
Direction: LEFT Iteration: 4
Cells: [(4, 1), (4, 2), (4, 3), (4, 4)]
  Previous values: [2, 2, null, 2]
  Moved values: [4, 2]
Results: [false, true, true, true]
Direction: DOWN Iteration: 1
Cells: [(4, 1), (3, 1), (2, 1), (1, 1)]
  Previous values: [2, 2, null, 2]
  Moved values: [4, 2]
Direction: DOWN Iteration: 2
Cells: [(4, 2), (3, 2), (2, 2), (1, 2)]
  Previous values: [2, 4, null, 2]
  Moved values: [2, 4, 2]
Direction: DOWN Iteration: 3
Cells: [(4, 3), (3, 3), (2, 3), (1, 3)]
  Previous values: [2, null, 2, 2]
  Moved values: [4, 2]
Direction: DOWN Iteration: 4
Cells: [(4, 4), (3, 4), (2, 4), (1, 4)]
  Previous values: [null, null, null, null]
  Moved values: []
Results: [true, true, true, false]
Direction: UP Iteration: 1
Cells: [(1, 1), (2, 1), (3, 1), (4, 1)]
  Previous values: [null, null, null, null]
  Moved values: []
Direction: UP Iteration: 2
Cells: [(1, 2), (2, 2), (3, 2), (4, 2)]
  Previous values: [2, null, 2, 2]
  Moved values: [4, 2]
Direction: UP Iteration: 3
Cells: [(1, 3), (2, 3), (3, 3), (4, 3)]
  Previous values: [2, 4, null, 2]
  Moved values: [2, 4, 2]
Direction: UP Iteration: 4
Cells: [(1, 4), (2, 4), (3, 4), (4, 4)]
  Previous values: [2, 2, null, 2]
  Moved values: [4, 2]
Results: [false, true, true, true]
Direction: RIGHT Iteration: 1
Cells: [(1, 4), (1, 3), (1, 2), (1, 1)]
  Previous values: [null, null, null, 2]
  Moved values: [2]
Direction: RIGHT Iteration: 2
Cells: [(2, 4), (2, 3), (2, 2), (2, 1)]
  Previous values: [null, null, null, null]
  Moved values: []
Direction: RIGHT Iteration: 3
Cells: [(3, 4), (3, 3), (3, 2), (3, 1)]
  Previous values: [null, 2, null, null]
  Moved values: [2]
Direction: RIGHT Iteration: 4
Cells: [(4, 4), (4, 3), (4, 2), (4, 1)]
  Previous values: [4, 2, 4, 2]
  Moved values: [4, 2, 4, 2]
Results: [true, false, true, false]
Direction: LEFT Iteration: 1
Cells: [(1, 1), (1, 2), (1, 3), (1, 4)]
  Previous values: [4, 2, 4, 2]
  Moved values: [4, 2, 4, 2]
Direction: LEFT Iteration: 2
Cells: [(2, 1), (2, 2), (2, 3), (2, 4)]
  Previous values: [null, 2, null, null]
  Moved values: [2]
Direction: LEFT Iteration: 3
Cells: [(3, 1), (3, 2), (3, 3), (3, 4)]
  Previous values: [null, null, null, null]
  Moved values: []
Direction: LEFT Iteration: 4
Cells: [(4, 1), (4, 2), (4, 3), (4, 4)]
  Previous values: [null, null, null, 2]
  Moved values: [2]
Results: [false, true, false, true]
Direction: DOWN Iteration: 1
Cells: [(4, 1), (3, 1), (2, 1), (1, 1)]
  Previous values: [null, null, null, 2]
  Moved values: [2]
Direction: DOWN Iteration: 2
Cells: [(4, 2), (3, 2), (2, 2), (1, 2)]
  Previous values: [null, null, null, null]
  Moved values: []
Direction: DOWN Iteration: 3
Cells: [(4, 3), (3, 3), (2, 3), (1, 3)]
  Previous values: [null, 2, null, null]
  Moved values: [2]
Direction: DOWN Iteration: 4
Cells: [(4, 4), (3, 4), (2, 4), (1, 4)]
  Previous values: [4, 2, 4, 2]
  Moved values: [4, 2, 4, 2]
Results: [true, false, true, false]
Direction: UP Iteration: 1
Cells: [(1, 1), (2, 1), (3, 1), (4, 1)]
  Previous values: [4, 2, 4, 2]
  Moved values: [4, 2, 4, 2]
Direction: UP Iteration: 2
Cells: [(1, 2), (2, 2), (3, 2), (4, 2)]
  Previous values: [null, 2, null, null]
  Moved values: [2]
Direction: UP Iteration: 3
Cells: [(1, 3), (2, 3), (3, 3), (4, 3)]
  Previous values: [null, null, null, null]
  Moved values: []
Direction: UP Iteration: 4
Cells: [(1, 4), (2, 4), (3, 4), (4, 4)]
  Previous values: [null, null, null, 2]
  Moved values: [2]
Results: [false, true, false, true]
Direction: RIGHT Iteration: 1
Cells: [(1, 4), (1, 3), (1, 2), (1, 1)]
  Previous values: [null, 2, null, 2]
  Moved values: [4]
Direction: RIGHT Iteration: 2
Cells: [(2, 4), (2, 3), (2, 2), (2, 1)]
  Previous values: [2, null, 2, null]
  Moved values: [4]
Direction: RIGHT Iteration: 3
Cells: [(3, 4), (3, 3), (3, 2), (3, 1)]
  Previous values: [null, 2, null, null]
  Moved values: [2]
Direction: RIGHT Iteration: 4
Cells: [(4, 4), (4, 3), (4, 2), (4, 1)]
  Previous values: [2, null, null, null]
  Moved values: [2]
Results: [true, true, true, true]
Direction: LEFT Iteration: 1
Cells: [(1, 1), (1, 2), (1, 3), (1, 4)]
  Previous values: [2, null, null, null]
  Moved values: [2]
Direction: LEFT Iteration: 2
Cells: [(2, 1), (2, 2), (2, 3), (2, 4)]
  Previous values: [null, 2, null, null]
  Moved values: [2]
Direction: LEFT Iteration: 3
Cells: [(3, 1), (3, 2), (3, 3), (3, 4)]
  Previous values: [2, null, 2, null]
  Moved values: [4]
Direction: LEFT Iteration: 4
Cells: [(4, 1), (4, 2), (4, 3), (4, 4)]
  Previous values: [null, 2, null, 2]
  Moved values: [4]
Results: [true, true, true, true]
Direction: DOWN Iteration: 1
Cells: [(4, 1), (3, 1), (2, 1), (1, 1)]
  Previous values: [null, 2, null, 2]
  Moved values: [4]
Direction: DOWN Iteration: 2
Cells: [(4, 2), (3, 2), (2, 2), (1, 2)]
  Previous values: [2, null, 2, null]
  Moved values: [4]
Direction: DOWN Iteration: 3
Cells: [(4, 3), (3, 3), (2, 3), (1, 3)]
  Previous values: [null, 2, null, null]
  Moved values: [2]
Direction: DOWN Iteration: 4
Cells: [(4, 4), (3, 4), (2, 4), (1, 4)]
  Previous values: [2, null, null, null]
  Moved values: [2]
Results: [true, true, true, true]
Direction: UP Iteration: 1
Cells: [(1, 1), (2, 1), (3, 1), (4, 1)]
  Previous values: [2, null, null, null]
  Moved values: [2]
Direction: UP Iteration: 2
Cells: [(1, 2), (2, 2), (3, 2), (4, 2)]
  Previous values: [null, 2, null, null]
  Moved values: [2]
Direction: UP Iteration: 3
Cells: [(1, 3), (2, 3), (3, 3), (4, 3)]
  Previous values: [2, null, 2, null]
  Moved values: [4]
Direction: UP Iteration: 4
Cells: [(1, 4), (2, 4), (3, 4), (4, 4)]
  Previous values: [null, 2, null, 2]
  Moved values: [4]
Results: [true, true, true, true]
Direction: RIGHT Iteration: 1
Cells: [(1, 4), (1, 3), (1, 2), (1, 1)]
  Previous values: [null, null, null, null]
  Moved values: []
Direction: RIGHT Iteration: 2
Cells: [(2, 4), (2, 3), (2, 2), (2, 1)]
  Previous values: [null, null, null, null]
  Moved values: []
Direction: RIGHT Iteration: 3
Cells: [(3, 4), (3, 3), (3, 2), (3, 1)]
  Previous values: [null, null, null, null]
  Moved values: []
Direction: RIGHT Iteration: 4
Cells: [(4, 4), (4, 3), (4, 2), (4, 1)]
  Previous values: [4, 2, 4, 2]
  Moved values: [4, 2, 4, 2]
Results: [false, false, false, false]
Direction: LEFT Iteration: 1
Cells: [(1, 1), (1, 2), (1, 3), (1, 4)]
  Previous values: [4, 2, 4, 2]
  Moved values: [4, 2, 4, 2]
Direction: LEFT Iteration: 2
Cells: [(2, 1), (2, 2), (2, 3), (2, 4)]
  Previous values: [null, null, null, null]
  Moved values: []
Direction: LEFT Iteration: 3
Cells: [(3, 1), (3, 2), (3, 3), (3, 4)]
  Previous values: [null, null, null, null]
  Moved values: []
Direction: LEFT Iteration: 4
Cells: [(4, 1), (4, 2), (4, 3), (4, 4)]
  Previous values: [null, null, null, null]
  Moved values: []
Results: [false, false, false, false]
Direction: DOWN Iteration: 1
Cells: [(4, 1), (3, 1), (2, 1), (1, 1)]
  Previous values: [null, null, null, null]
  Moved values: []
Direction: DOWN Iteration: 2
Cells: [(4, 2), (3, 2), (2, 2), (1, 2)]
  Previous values: [null, null, null, null]
  Moved values: []
Direction: DOWN Iteration: 3
Cells: [(4, 3), (3, 3), (2, 3), (1, 3)]
  Previous values: [null, null, null, null]
  Moved values: []
Direction: DOWN Iteration: 4
Cells: [(4, 4), (3, 4), (2, 4), (1, 4)]
  Previous values: [4, 2, 4, 2]
  Moved values: [4, 2, 4, 2]
Results: [false, false, false, false]
Direction: UP Iteration: 1
Cells: [(1, 1), (2, 1), (3, 1), (4, 1)]
  Previous values: [4, 2, 4, 2]
  Moved values: [4, 2, 4, 2]
Direction: UP Iteration: 2
Cells: [(1, 2), (2, 2), (3, 2), (4, 2)]
  Previous values: [null, null, null, null]
  Moved values: []
Direction: UP Iteration: 3
Cells: [(1, 3), (2, 3), (3, 3), (4, 3)]
  Previous values: [null, null, null, null]
  Moved values: []
Direction: UP Iteration: 4
Cells: [(1, 4), (2, 4), (3, 4), (4, 4)]
  Previous values: [null, null, null, null]
  Moved values: []
Results: [false, false, false, false]
]]></system-out>
  <system-err><![CDATA[]]></system-err>
</testsuite>
