<?xml version="1.0" encoding="UTF-8"?>
<testsuite name="games.game2048.TestAddingValue" tests="4" skipped="0" failures="0" errors="0" timestamp="2023-03-05T12:31:35" hostname="Mais-MacBook-Pro.local" time="0.024">
  <properties/>
  <testcase name="test1" classname="games.game2048.TestAddingValue" time="0.017"/>
  <testcase name="test2" classname="games.game2048.TestAddingValue" time="0.003"/>
  <testcase name="test3" classname="games.game2048.TestAddingValue" time="0.001"/>
  <testcase name="test4" classname="games.game2048.TestAddingValue" time="0.001"/>
  <system-out><![CDATA[]]></system-out>
  <system-err><![CDATA[]]></system-err>
</testsuite>
